<?xml version="1.0" encoding="UTF-8"?>
<!-- Generated by org.testng.reporters.JUnitReportReporter -->
<testsuite hostname="DESKTOP-9MQ8FLB" failures="0" tests="2" name="demo.Devops1APITest" time="2.628" errors="0" timestamp="2023-06-26T18:39:14 AEST" skipped="0">
  <testcase classname="demo.Devops1APITest" name="validateUsers" time="2.467"/>
  <system-out/>
  <testcase classname="demo.Devops1APITest" name="emptyDataArray" time="0.161"/>
  <system-out/>
</testsuite> <!-- demo.Devops1APITest -->
